system   D            wsystem.c:583  maybe_parent_dir                 [   0.00241] Also searching C:\Users\Administrator\Documents\GitHub\PROJECT-HY454-2012\bubble bobble\src\Bubble Bobble\
system   D            wsystem.c:633  _al_win_safe_load_library        [   0.00279] PathFindOnPath found: C:\Windows\system32\d3d9.dll
system   D            wsystem.c:544  load_library_at_path             [   0.00283] Calling LoadLibrary C:\Windows\system32\d3d9.dll
system   I            wsystem.c:547  load_library_at_path             [   0.04865] Loaded C:\Windows\system32\d3d9.dll
d3d      I         d3d_disp.cpp:695  _al_d3d_init_display             [   0.18470] Render-to-texture: 1
system   I             system.c:272  al_install_system                [   0.18481] Allegro version: 5.0.8
d3d      I         d3d_disp.cpp:1732 d3d_create_display_locked        [   0.18549] faux_fullscreen=0
d3d      D         d3d_disp.cpp:1733 d3d_create_display_locked        [   0.18551] al_display=01C73920
d3d      D         d3d_disp.cpp:1734 d3d_create_display_locked        [   0.18553] al_display->vt=01C73858
d3d      I d3d_display_formats.cpp:144  _al_d3d_generate_display_format_list [   0.19494] found 128 format combinations
display  D   display_settings.c:191  debug_display_settings           [   0.19497] color: 32 (rgba 8880), depth: 0, stencil: 0, acc: 0000, samples: 0/0
display  D   display_settings.c:506  _al_score_display_settings       [   0.19500] Score is : 897
display  D   display_settings.c:191  debug_display_settings           [   0.19501] color: 32 (rgba 8880), depth: 0, stencil: 0, acc: 0000, samples: 0/0
display  D   display_settings.c:506  _al_score_display_settings       [   0.19503] Score is : 897
display  D   display_settings.c:191  debug_display_settings           [   0.19504] color: 32 (rgba 8880), depth: 0, stencil: 0, acc: 0000, samples: 2/1
display  D   display_settings.c:506  _al_score_display_settings       [   0.19507] Score is : 726
display  D   display_settings.c:191  debug_display_settings           [   0.19508] color: 32 (rgba 8880), depth: 0, stencil: 0, acc: 0000, samples: 3/1
display  D   display_settings.c:506  _al_score_display_settings       [   0.19510] Score is : 721
display  D   display_settings.c:191  debug_display_settings           [   0.19511] color: 32 (rgba 8880), depth: 24, stencil: 8, acc: 0000, samples: 0/0
display  D   display_settings.c:506  _al_score_display_settings       [   0.19513] Score is : 897
display  D   display_settings.c:191  debug_display_settings           [   0.19515] color: 32 (rgba 8880), depth: 24, stencil: 8, acc: 0000, samples: 0/0
display  D   display_settings.c:506  _al_score_display_settings       [   0.19517] Score is : 897
display  D   display_settings.c:191  debug_display_settings           [   0.19518] color: 32 (rgba 8880), depth: 24, stencil: 8, acc: 0000, samples: 2/1
display  D   display_settings.c:506  _al_score_display_settings       [   0.19520] Score is : 726
display  D   display_settings.c:191  debug_display_settings           [   0.19522] color: 32 (rgba 8880), depth: 24, stencil: 8, acc: 0000, samples: 3/1
display  D   display_settings.c:506  _al_score_display_settings       [   0.19524] Score is : 721
display  D   display_settings.c:191  debug_display_settings           [   0.19525] color: 32 (rgba 8880), depth: 24, stencil: 0, acc: 0000, samples: 0/0
display  D   display_settings.c:506  _al_score_display_settings       [   0.19527] Score is : 897
display  D   display_settings.c:191  debug_display_settings           [   0.19528] color: 32 (rgba 8880), depth: 24, stencil: 0, acc: 0000, samples: 0/0
display  D   display_settings.c:506  _al_score_display_settings       [   0.19531] Score is : 897
display  D   display_settings.c:191  debug_display_settings           [   0.19532] color: 32 (rgba 8880), depth: 24, stencil: 0, acc: 0000, samples: 2/1
display  D   display_settings.c:506  _al_score_display_settings       [   0.19534] Score is : 726
display  D   display_settings.c:191  debug_display_settings           [   0.19535] color: 32 (rgba 8880), depth: 24, stencil: 0, acc: 0000, samples: 3/1
display  D   display_settings.c:506  _al_score_display_settings       [   0.19542] Score is : 721
display  D   display_settings.c:191  debug_display_settings           [   0.19544] color: 32 (rgba 8880), depth: 16, stencil: 0, acc: 0000, samples: 0/0
display  D   display_settings.c:506  _al_score_display_settings       [   0.19546] Score is : 897
display  D   display_settings.c:191  debug_display_settings           [   0.19548] color: 32 (rgba 8880), depth: 16, stencil: 0, acc: 0000, samples: 0/0
display  D   display_settings.c:506  _al_score_display_settings       [   0.19550] Score is : 897
display  D   display_settings.c:191  debug_display_settings           [   0.19551] color: 32 (rgba 8880), depth: 16, stencil: 0, acc: 0000, samples: 2/1
display  D   display_settings.c:506  _al_score_display_settings       [   0.19553] Score is : 726
display  D   display_settings.c:191  debug_display_settings           [   0.19555] color: 32 (rgba 8880), depth: 16, stencil: 0, acc: 0000, samples: 3/1
display  D   display_settings.c:506  _al_score_display_settings       [   0.19557] Score is : 721
display  D   display_settings.c:191  debug_display_settings           [   0.19558] color: 16 (rgba 5650), depth: 0, stencil: 0, acc: 0000, samples: 0/0
display  D   display_settings.c:506  _al_score_display_settings       [   0.19560] Score is : 897
display  D   display_settings.c:191  debug_display_settings           [   0.19562] color: 16 (rgba 5650), depth: 0, stencil: 0, acc: 0000, samples: 0/0
display  D   display_settings.c:506  _al_score_display_settings       [   0.19564] Score is : 897
display  D   display_settings.c:191  debug_display_settings           [   0.19565] color: 16 (rgba 5650), depth: 0, stencil: 0, acc: 0000, samples: 2/1
display  D   display_settings.c:506  _al_score_display_settings       [   0.19567] Score is : 726
display  D   display_settings.c:191  debug_display_settings           [   0.19568] color: 16 (rgba 5650), depth: 0, stencil: 0, acc: 0000, samples: 3/1
display  D   display_settings.c:506  _al_score_display_settings       [   0.19570] Score is : 721
display  D   display_settings.c:191  debug_display_settings           [   0.19572] color: 16 (rgba 5650), depth: 24, stencil: 8, acc: 0000, samples: 0/0
display  D   display_settings.c:506  _al_score_display_settings       [   0.19574] Score is : 897
display  D   display_settings.c:191  debug_display_settings           [   0.19575] color: 16 (rgba 5650), depth: 24, stencil: 8, acc: 0000, samples: 0/0
display  D   display_settings.c:506  _al_score_display_settings       [   0.19577] Score is : 897
display  D   display_settings.c:191  debug_display_settings           [   0.19579] color: 16 (rgba 5650), depth: 24, stencil: 8, acc: 0000, samples: 2/1
display  D   display_settings.c:506  _al_score_display_settings       [   0.19581] Score is : 726
display  D   display_settings.c:191  debug_display_settings           [   0.19582] color: 16 (rgba 5650), depth: 24, stencil: 8, acc: 0000, samples: 3/1
display  D   display_settings.c:506  _al_score_display_settings       [   0.19584] Score is : 721
display  D   display_settings.c:191  debug_display_settings           [   0.19586] color: 16 (rgba 5650), depth: 24, stencil: 0, acc: 0000, samples: 0/0
display  D   display_settings.c:506  _al_score_display_settings       [   0.19588] Score is : 897
display  D   display_settings.c:191  debug_display_settings           [   0.19589] color: 16 (rgba 5650), depth: 24, stencil: 0, acc: 0000, samples: 0/0
display  D   display_settings.c:506  _al_score_display_settings       [   0.19591] Score is : 897
display  D   display_settings.c:191  debug_display_settings           [   0.19593] color: 16 (rgba 5650), depth: 24, stencil: 0, acc: 0000, samples: 2/1
display  D   display_settings.c:506  _al_score_display_settings       [   0.19595] Score is : 726
display  D   display_settings.c:191  debug_display_settings           [   0.19596] color: 16 (rgba 5650), depth: 24, stencil: 0, acc: 0000, samples: 3/1
display  D   display_settings.c:506  _al_score_display_settings       [   0.19601] Score is : 721
display  D   display_settings.c:191  debug_display_settings           [   0.19602] color: 16 (rgba 5650), depth: 16, stencil: 0, acc: 0000, samples: 0/0
display  D   display_settings.c:506  _al_score_display_settings       [   0.19604] Score is : 897
display  D   display_settings.c:191  debug_display_settings           [   0.19606] color: 16 (rgba 5650), depth: 16, stencil: 0, acc: 0000, samples: 0/0
display  D   display_settings.c:506  _al_score_display_settings       [   0.19608] Score is : 897
display  D   display_settings.c:191  debug_display_settings           [   0.19609] color: 16 (rgba 5650), depth: 16, stencil: 0, acc: 0000, samples: 2/1
display  D   display_settings.c:506  _al_score_display_settings       [   0.19611] Score is : 726
display  D   display_settings.c:191  debug_display_settings           [   0.19613] color: 16 (rgba 5650), depth: 16, stencil: 0, acc: 0000, samples: 3/1
display  D   display_settings.c:506  _al_score_display_settings       [   0.19615] Score is : 721
display  D   display_settings.c:191  debug_display_settings           [   0.19616] color: 32 (rgba 8880), depth: 0, stencil: 0, acc: 0000, samples: 0/0
display  D   display_settings.c:377  _al_score_display_settings       [   0.19618] Single Buffer requirement not met.
display  D   display_settings.c:191  debug_display_settings           [   0.19619] color: 32 (rgba 8880), depth: 0, stencil: 0, acc: 0000, samples: 0/0
display  D   display_settings.c:377  _al_score_display_settings       [   0.19622] Single Buffer requirement not met.
display  D   display_settings.c:191  debug_display_settings           [   0.19623] color: 32 (rgba 8880), depth: 0, stencil: 0, acc: 0000, samples: 2/1
display  D   display_settings.c:377  _al_score_display_settings       [   0.19625] Single Buffer requirement not met.
display  D   display_settings.c:191  debug_display_settings           [   0.19626] color: 32 (rgba 8880), depth: 0, stencil: 0, acc: 0000, samples: 3/1
display  D   display_settings.c:377  _al_score_display_settings       [   0.19629] Single Buffer requirement not met.
display  D   display_settings.c:191  debug_display_settings           [   0.19630] color: 32 (rgba 8880), depth: 24, stencil: 8, acc: 0000, samples: 0/0
display  D   display_settings.c:377  _al_score_display_settings       [   0.19632] Single Buffer requirement not met.
display  D   display_settings.c:191  debug_display_settings           [   0.19633] color: 32 (rgba 8880), depth: 24, stencil: 8, acc: 0000, samples: 0/0
display  D   display_settings.c:377  _al_score_display_settings       [   0.19635] Single Buffer requirement not met.
display  D   display_settings.c:191  debug_display_settings           [   0.19637] color: 32 (rgba 8880), depth: 24, stencil: 8, acc: 0000, samples: 2/1
display  D   display_settings.c:377  _al_score_display_settings       [   0.19639] Single Buffer requirement not met.
display  D   display_settings.c:191  debug_display_settings           [   0.19640] color: 32 (rgba 8880), depth: 24, stencil: 8, acc: 0000, samples: 3/1
display  D   display_settings.c:377  _al_score_display_settings       [   0.19642] Single Buffer requirement not met.
display  D   display_settings.c:191  debug_display_settings           [   0.19644] color: 32 (rgba 8880), depth: 24, stencil: 0, acc: 0000, samples: 0/0
display  D   display_settings.c:377  _al_score_display_settings       [   0.19646] Single Buffer requirement not met.
display  D   display_settings.c:191  debug_display_settings           [   0.19647] color: 32 (rgba 8880), depth: 24, stencil: 0, acc: 0000, samples: 0/0
display  D   display_settings.c:377  _al_score_display_settings       [   0.19649] Single Buffer requirement not met.
display  D   display_settings.c:191  debug_display_settings           [   0.19651] color: 32 (rgba 8880), depth: 24, stencil: 0, acc: 0000, samples: 2/1
display  D   display_settings.c:377  _al_score_display_settings       [   0.19653] Single Buffer requirement not met.
display  D   display_settings.c:191  debug_display_settings           [   0.19655] color: 32 (rgba 8880), depth: 24, stencil: 0, acc: 0000, samples: 3/1
display  D   display_settings.c:377  _al_score_display_settings       [   0.19657] Single Buffer requirement not met.
display  D   display_settings.c:191  debug_display_settings           [   0.19658] color: 32 (rgba 8880), depth: 16, stencil: 0, acc: 0000, samples: 0/0
display  D   display_settings.c:377  _al_score_display_settings       [   0.19660] Single Buffer requirement not met.
display  D   display_settings.c:191  debug_display_settings           [   0.19662] color: 32 (rgba 8880), depth: 16, stencil: 0, acc: 0000, samples: 0/0
display  D   display_settings.c:377  _al_score_display_settings       [   0.19664] Single Buffer requirement not met.
display  D   display_settings.c:191  debug_display_settings           [   0.19665] color: 32 (rgba 8880), depth: 16, stencil: 0, acc: 0000, samples: 2/1
display  D   display_settings.c:377  _al_score_display_settings       [   0.19667] Single Buffer requirement not met.
display  D   display_settings.c:191  debug_display_settings           [   0.19669] color: 32 (rgba 8880), depth: 16, stencil: 0, acc: 0000, samples: 3/1
display  D   display_settings.c:377  _al_score_display_settings       [   0.19671] Single Buffer requirement not met.
display  D   display_settings.c:191  debug_display_settings           [   0.19672] color: 16 (rgba 5650), depth: 0, stencil: 0, acc: 0000, samples: 0/0
display  D   display_settings.c:377  _al_score_display_settings       [   0.19674] Single Buffer requirement not met.
display  D   display_settings.c:191  debug_display_settings           [   0.19676] color: 16 (rgba 5650), depth: 0, stencil: 0, acc: 0000, samples: 0/0
display  D   display_settings.c:377  _al_score_display_settings       [   0.19678] Single Buffer requirement not met.
display  D   display_settings.c:191  debug_display_settings           [   0.19679] color: 16 (rgba 5650), depth: 0, stencil: 0, acc: 0000, samples: 2/1
display  D   display_settings.c:377  _al_score_display_settings       [   0.19681] Single Buffer requirement not met.
display  D   display_settings.c:191  debug_display_settings           [   0.19683] color: 16 (rgba 5650), depth: 0, stencil: 0, acc: 0000, samples: 3/1
display  D   display_settings.c:377  _al_score_display_settings       [   0.19685] Single Buffer requirement not met.
display  D   display_settings.c:191  debug_display_settings           [   0.19686] color: 16 (rgba 5650), depth: 24, stencil: 8, acc: 0000, samples: 0/0
display  D   display_settings.c:377  _al_score_display_settings       [   0.19688] Single Buffer requirement not met.
display  D   display_settings.c:191  debug_display_settings           [   0.19690] color: 16 (rgba 5650), depth: 24, stencil: 8, acc: 0000, samples: 0/0
display  D   display_settings.c:377  _al_score_display_settings       [   0.19692] Single Buffer requirement not met.
display  D   display_settings.c:191  debug_display_settings           [   0.19693] color: 16 (rgba 5650), depth: 24, stencil: 8, acc: 0000, samples: 2/1
display  D   display_settings.c:377  _al_score_display_settings       [   0.19695] Single Buffer requirement not met.
display  D   display_settings.c:191  debug_display_settings           [   0.19697] color: 16 (rgba 5650), depth: 24, stencil: 8, acc: 0000, samples: 3/1
display  D   display_settings.c:377  _al_score_display_settings       [   0.19699] Single Buffer requirement not met.
display  D   display_settings.c:191  debug_display_settings           [   0.19700] color: 16 (rgba 5650), depth: 24, stencil: 0, acc: 0000, samples: 0/0
display  D   display_settings.c:377  _al_score_display_settings       [   0.19702] Single Buffer requirement not met.
display  D   display_settings.c:191  debug_display_settings           [   0.19704] color: 16 (rgba 5650), depth: 24, stencil: 0, acc: 0000, samples: 0/0
display  D   display_settings.c:377  _al_score_display_settings       [   0.19706] Single Buffer requirement not met.
display  D   display_settings.c:191  debug_display_settings           [   0.19709] color: 16 (rgba 5650), depth: 24, stencil: 0, acc: 0000, samples: 2/1
display  D   display_settings.c:377  _al_score_display_settings       [   0.19712] Single Buffer requirement not met.
display  D   display_settings.c:191  debug_display_settings           [   0.19713] color: 16 (rgba 5650), depth: 24, stencil: 0, acc: 0000, samples: 3/1
display  D   display_settings.c:377  _al_score_display_settings       [   0.19715] Single Buffer requirement not met.
display  D   display_settings.c:191  debug_display_settings           [   0.19717] color: 16 (rgba 5650), depth: 16, stencil: 0, acc: 0000, samples: 0/0
display  D   display_settings.c:377  _al_score_display_settings       [   0.19719] Single Buffer requirement not met.
display  D   display_settings.c:191  debug_display_settings           [   0.19720] color: 16 (rgba 5650), depth: 16, stencil: 0, acc: 0000, samples: 0/0
display  D   display_settings.c:377  _al_score_display_settings       [   0.19722] Single Buffer requirement not met.
display  D   display_settings.c:191  debug_display_settings           [   0.19724] color: 16 (rgba 5650), depth: 16, stencil: 0, acc: 0000, samples: 2/1
display  D   display_settings.c:377  _al_score_display_settings       [   0.19726] Single Buffer requirement not met.
display  D   display_settings.c:191  debug_display_settings           [   0.19727] color: 16 (rgba 5650), depth: 16, stencil: 0, acc: 0000, samples: 3/1
display  D   display_settings.c:377  _al_score_display_settings       [   0.19729] Single Buffer requirement not met.
display  D   display_settings.c:191  debug_display_settings           [   0.19731] color: 32 (rgba 8880), depth: 0, stencil: 0, acc: 0000, samples: 0/0
display  D   display_settings.c:506  _al_score_display_settings       [   0.19733] Score is : 769
display  D   display_settings.c:191  debug_display_settings           [   0.19734] color: 32 (rgba 8880), depth: 0, stencil: 0, acc: 0000, samples: 0/0
display  D   display_settings.c:506  _al_score_display_settings       [   0.19736] Score is : 769
display  D   display_settings.c:191  debug_display_settings           [   0.19737] color: 32 (rgba 8880), depth: 0, stencil: 0, acc: 0000, samples: 2/1
display  D   display_settings.c:506  _al_score_display_settings       [   0.19740] Score is : 598
display  D   display_settings.c:191  debug_display_settings           [   0.19741] color: 32 (rgba 8880), depth: 0, stencil: 0, acc: 0000, samples: 3/1
display  D   display_settings.c:506  _al_score_display_settings       [   0.19743] Score is : 593
display  D   display_settings.c:191  debug_display_settings           [   0.19744] color: 32 (rgba 8880), depth: 24, stencil: 8, acc: 0000, samples: 0/0
display  D   display_settings.c:506  _al_score_display_settings       [   0.19746] Score is : 769
display  D   display_settings.c:191  debug_display_settings           [   0.19748] color: 32 (rgba 8880), depth: 24, stencil: 8, acc: 0000, samples: 0/0
display  D   display_settings.c:506  _al_score_display_settings       [   0.19750] Score is : 769
display  D   display_settings.c:191  debug_display_settings           [   0.19751] color: 32 (rgba 8880), depth: 24, stencil: 8, acc: 0000, samples: 2/1
display  D   display_settings.c:506  _al_score_display_settings       [   0.19753] Score is : 598
display  D   display_settings.c:191  debug_display_settings           [   0.19755] color: 32 (rgba 8880), depth: 24, stencil: 8, acc: 0000, samples: 3/1
display  D   display_settings.c:506  _al_score_display_settings       [   0.19757] Score is : 593
display  D   display_settings.c:191  debug_display_settings           [   0.19758] color: 32 (rgba 8880), depth: 24, stencil: 0, acc: 0000, samples: 0/0
display  D   display_settings.c:506  _al_score_display_settings       [   0.19760] Score is : 769
display  D   display_settings.c:191  debug_display_settings           [   0.19761] color: 32 (rgba 8880), depth: 24, stencil: 0, acc: 0000, samples: 0/0
display  D   display_settings.c:506  _al_score_display_settings       [   0.19764] Score is : 769
display  D   display_settings.c:191  debug_display_settings           [   0.19765] color: 32 (rgba 8880), depth: 24, stencil: 0, acc: 0000, samples: 2/1
display  D   display_settings.c:506  _al_score_display_settings       [   0.19767] Score is : 598
display  D   display_settings.c:191  debug_display_settings           [   0.19769] color: 32 (rgba 8880), depth: 24, stencil: 0, acc: 0000, samples: 3/1
display  D   display_settings.c:506  _al_score_display_settings       [   0.19771] Score is : 593
display  D   display_settings.c:191  debug_display_settings           [   0.19772] color: 32 (rgba 8880), depth: 16, stencil: 0, acc: 0000, samples: 0/0
display  D   display_settings.c:506  _al_score_display_settings       [   0.19774] Score is : 769
display  D   display_settings.c:191  debug_display_settings           [   0.19776] color: 32 (rgba 8880), depth: 16, stencil: 0, acc: 0000, samples: 0/0
display  D   display_settings.c:506  _al_score_display_settings       [   0.19778] Score is : 769
display  D   display_settings.c:191  debug_display_settings           [   0.19779] color: 32 (rgba 8880), depth: 16, stencil: 0, acc: 0000, samples: 2/1
display  D   display_settings.c:506  _al_score_display_settings       [   0.19781] Score is : 598
display  D   display_settings.c:191  debug_display_settings           [   0.19783] color: 32 (rgba 8880), depth: 16, stencil: 0, acc: 0000, samples: 3/1
display  D   display_settings.c:506  _al_score_display_settings       [   0.19785] Score is : 593
display  D   display_settings.c:191  debug_display_settings           [   0.19786] color: 16 (rgba 5650), depth: 0, stencil: 0, acc: 0000, samples: 0/0
display  D   display_settings.c:506  _al_score_display_settings       [   0.19788] Score is : 769
display  D   display_settings.c:191  debug_display_settings           [   0.19790] color: 16 (rgba 5650), depth: 0, stencil: 0, acc: 0000, samples: 0/0
display  D   display_settings.c:506  _al_score_display_settings       [   0.19792] Score is : 769
display  D   display_settings.c:191  debug_display_settings           [   0.19793] color: 16 (rgba 5650), depth: 0, stencil: 0, acc: 0000, samples: 2/1
display  D   display_settings.c:506  _al_score_display_settings       [   0.19795] Score is : 598
display  D   display_settings.c:191  debug_display_settings           [   0.19797] color: 16 (rgba 5650), depth: 0, stencil: 0, acc: 0000, samples: 3/1
display  D   display_settings.c:506  _al_score_display_settings       [   0.19799] Score is : 593
display  D   display_settings.c:191  debug_display_settings           [   0.19800] color: 16 (rgba 5650), depth: 24, stencil: 8, acc: 0000, samples: 0/0
display  D   display_settings.c:506  _al_score_display_settings       [   0.19802] Score is : 769
display  D   display_settings.c:191  debug_display_settings           [   0.19804] color: 16 (rgba 5650), depth: 24, stencil: 8, acc: 0000, samples: 0/0
display  D   display_settings.c:506  _al_score_display_settings       [   0.19806] Score is : 769
display  D   display_settings.c:191  debug_display_settings           [   0.19807] color: 16 (rgba 5650), depth: 24, stencil: 8, acc: 0000, samples: 2/1
display  D   display_settings.c:506  _al_score_display_settings       [   0.19809] Score is : 598
display  D   display_settings.c:191  debug_display_settings           [   0.19811] color: 16 (rgba 5650), depth: 24, stencil: 8, acc: 0000, samples: 3/1
display  D   display_settings.c:506  _al_score_display_settings       [   0.19813] Score is : 593
display  D   display_settings.c:191  debug_display_settings           [   0.19814] color: 16 (rgba 5650), depth: 24, stencil: 0, acc: 0000, samples: 0/0
display  D   display_settings.c:506  _al_score_display_settings       [   0.19816] Score is : 769
display  D   display_settings.c:191  debug_display_settings           [   0.19817] color: 16 (rgba 5650), depth: 24, stencil: 0, acc: 0000, samples: 0/0
display  D   display_settings.c:506  _al_score_display_settings       [   0.19819] Score is : 769
display  D   display_settings.c:191  debug_display_settings           [   0.19821] color: 16 (rgba 5650), depth: 24, stencil: 0, acc: 0000, samples: 2/1
display  D   display_settings.c:506  _al_score_display_settings       [   0.19823] Score is : 598
display  D   display_settings.c:191  debug_display_settings           [   0.19825] color: 16 (rgba 5650), depth: 24, stencil: 0, acc: 0000, samples: 3/1
display  D   display_settings.c:506  _al_score_display_settings       [   0.19827] Score is : 593
display  D   display_settings.c:191  debug_display_settings           [   0.19828] color: 16 (rgba 5650), depth: 16, stencil: 0, acc: 0000, samples: 0/0
display  D   display_settings.c:506  _al_score_display_settings       [   0.19830] Score is : 769
display  D   display_settings.c:191  debug_display_settings           [   0.19831] color: 16 (rgba 5650), depth: 16, stencil: 0, acc: 0000, samples: 0/0
display  D   display_settings.c:506  _al_score_display_settings       [   0.19834] Score is : 769
display  D   display_settings.c:191  debug_display_settings           [   0.19835] color: 16 (rgba 5650), depth: 16, stencil: 0, acc: 0000, samples: 2/1
display  D   display_settings.c:506  _al_score_display_settings       [   0.19837] Score is : 598
display  D   display_settings.c:191  debug_display_settings           [   0.19838] color: 16 (rgba 5650), depth: 16, stencil: 0, acc: 0000, samples: 3/1
display  D   display_settings.c:506  _al_score_display_settings       [   0.19840] Score is : 593
display  D   display_settings.c:191  debug_display_settings           [   0.19842] color: 32 (rgba 8880), depth: 0, stencil: 0, acc: 0000, samples: 0/0
display  D   display_settings.c:377  _al_score_display_settings       [   0.19844] Single Buffer requirement not met.
display  D   display_settings.c:191  debug_display_settings           [   0.19845] color: 32 (rgba 8880), depth: 0, stencil: 0, acc: 0000, samples: 0/0
display  D   display_settings.c:377  _al_score_display_settings       [   0.19847] Single Buffer requirement not met.
display  D   display_settings.c:191  debug_display_settings           [   0.19849] color: 32 (rgba 8880), depth: 0, stencil: 0, acc: 0000, samples: 2/1
display  D   display_settings.c:377  _al_score_display_settings       [   0.19851] Single Buffer requirement not met.
display  D   display_settings.c:191  debug_display_settings           [   0.19852] color: 32 (rgba 8880), depth: 0, stencil: 0, acc: 0000, samples: 3/1
display  D   display_settings.c:377  _al_score_display_settings       [   0.19854] Single Buffer requirement not met.
display  D   display_settings.c:191  debug_display_settings           [   0.19856] color: 32 (rgba 8880), depth: 24, stencil: 8, acc: 0000, samples: 0/0
display  D   display_settings.c:377  _al_score_display_settings       [   0.19858] Single Buffer requirement not met.
display  D   display_settings.c:191  debug_display_settings           [   0.19859] color: 32 (rgba 8880), depth: 24, stencil: 8, acc: 0000, samples: 0/0
display  D   display_settings.c:377  _al_score_display_settings       [   0.19861] Single Buffer requirement not met.
display  D   display_settings.c:191  debug_display_settings           [   0.19863] color: 32 (rgba 8880), depth: 24, stencil: 8, acc: 0000, samples: 2/1
display  D   display_settings.c:377  _al_score_display_settings       [   0.19865] Single Buffer requirement not met.
display  D   display_settings.c:191  debug_display_settings           [   0.19866] color: 32 (rgba 8880), depth: 24, stencil: 8, acc: 0000, samples: 3/1
display  D   display_settings.c:377  _al_score_display_settings       [   0.19868] Single Buffer requirement not met.
display  D   display_settings.c:191  debug_display_settings           [   0.19870] color: 32 (rgba 8880), depth: 24, stencil: 0, acc: 0000, samples: 0/0
display  D   display_settings.c:377  _al_score_display_settings       [   0.19872] Single Buffer requirement not met.
display  D   display_settings.c:191  debug_display_settings           [   0.19873] color: 32 (rgba 8880), depth: 24, stencil: 0, acc: 0000, samples: 0/0
display  D   display_settings.c:377  _al_score_display_settings       [   0.19875] Single Buffer requirement not met.
display  D   display_settings.c:191  debug_display_settings           [   0.19877] color: 32 (rgba 8880), depth: 24, stencil: 0, acc: 0000, samples: 2/1
display  D   display_settings.c:377  _al_score_display_settings       [   0.19879] Single Buffer requirement not met.
display  D   display_settings.c:191  debug_display_settings           [   0.19880] color: 32 (rgba 8880), depth: 24, stencil: 0, acc: 0000, samples: 3/1
display  D   display_settings.c:377  _al_score_display_settings       [   0.19883] Single Buffer requirement not met.
display  D   display_settings.c:191  debug_display_settings           [   0.19884] color: 32 (rgba 8880), depth: 16, stencil: 0, acc: 0000, samples: 0/0
display  D   display_settings.c:377  _al_score_display_settings       [   0.19886] Single Buffer requirement not met.
display  D   display_settings.c:191  debug_display_settings           [   0.19888] color: 32 (rgba 8880), depth: 16, stencil: 0, acc: 0000, samples: 0/0
display  D   display_settings.c:377  _al_score_display_settings       [   0.19890] Single Buffer requirement not met.
display  D   display_settings.c:191  debug_display_settings           [   0.19891] color: 32 (rgba 8880), depth: 16, stencil: 0, acc: 0000, samples: 2/1
display  D   display_settings.c:377  _al_score_display_settings       [   0.19893] Single Buffer requirement not met.
display  D   display_settings.c:191  debug_display_settings           [   0.19895] color: 32 (rgba 8880), depth: 16, stencil: 0, acc: 0000, samples: 3/1
display  D   display_settings.c:377  _al_score_display_settings       [   0.19897] Single Buffer requirement not met.
display  D   display_settings.c:191  debug_display_settings           [   0.19898] color: 16 (rgba 5650), depth: 0, stencil: 0, acc: 0000, samples: 0/0
display  D   display_settings.c:377  _al_score_display_settings       [   0.19900] Single Buffer requirement not met.
display  D   display_settings.c:191  debug_display_settings           [   0.19902] color: 16 (rgba 5650), depth: 0, stencil: 0, acc: 0000, samples: 0/0
display  D   display_settings.c:377  _al_score_display_settings       [   0.19904] Single Buffer requirement not met.
display  D   display_settings.c:191  debug_display_settings           [   0.19905] color: 16 (rgba 5650), depth: 0, stencil: 0, acc: 0000, samples: 2/1
display  D   display_settings.c:377  _al_score_display_settings       [   0.19907] Single Buffer requirement not met.
display  D   display_settings.c:191  debug_display_settings           [   0.19909] color: 16 (rgba 5650), depth: 0, stencil: 0, acc: 0000, samples: 3/1
display  D   display_settings.c:377  _al_score_display_settings       [   0.19911] Single Buffer requirement not met.
display  D   display_settings.c:191  debug_display_settings           [   0.19912] color: 16 (rgba 5650), depth: 24, stencil: 8, acc: 0000, samples: 0/0
display  D   display_settings.c:377  _al_score_display_settings       [   0.19915] Single Buffer requirement not met.
display  D   display_settings.c:191  debug_display_settings           [   0.19916] color: 16 (rgba 5650), depth: 24, stencil: 8, acc: 0000, samples: 0/0
display  D   display_settings.c:377  _al_score_display_settings       [   0.19918] Single Buffer requirement not met.
display  D   display_settings.c:191  debug_display_settings           [   0.19920] color: 16 (rgba 5650), depth: 24, stencil: 8, acc: 0000, samples: 2/1
display  D   display_settings.c:377  _al_score_display_settings       [   0.19922] Single Buffer requirement not met.
display  D   display_settings.c:191  debug_display_settings           [   0.19923] color: 16 (rgba 5650), depth: 24, stencil: 8, acc: 0000, samples: 3/1
display  D   display_settings.c:377  _al_score_display_settings       [   0.19925] Single Buffer requirement not met.
display  D   display_settings.c:191  debug_display_settings           [   0.19926] color: 16 (rgba 5650), depth: 24, stencil: 0, acc: 0000, samples: 0/0
display  D   display_settings.c:377  _al_score_display_settings       [   0.19931] Single Buffer requirement not met.
display  D   display_settings.c:191  debug_display_settings           [   0.19933] color: 16 (rgba 5650), depth: 24, stencil: 0, acc: 0000, samples: 0/0
display  D   display_settings.c:377  _al_score_display_settings       [   0.19935] Single Buffer requirement not met.
display  D   display_settings.c:191  debug_display_settings           [   0.19936] color: 16 (rgba 5650), depth: 24, stencil: 0, acc: 0000, samples: 2/1
display  D   display_settings.c:377  _al_score_display_settings       [   0.19938] Single Buffer requirement not met.
display  D   display_settings.c:191  debug_display_settings           [   0.19940] color: 16 (rgba 5650), depth: 24, stencil: 0, acc: 0000, samples: 3/1
display  D   display_settings.c:377  _al_score_display_settings       [   0.19942] Single Buffer requirement not met.
display  D   display_settings.c:191  debug_display_settings           [   0.19943] color: 16 (rgba 5650), depth: 16, stencil: 0, acc: 0000, samples: 0/0
display  D   display_settings.c:377  _al_score_display_settings       [   0.19945] Single Buffer requirement not met.
display  D   display_settings.c:191  debug_display_settings           [   0.19947] color: 16 (rgba 5650), depth: 16, stencil: 0, acc: 0000, samples: 0/0
display  D   display_settings.c:377  _al_score_display_settings       [   0.19949] Single Buffer requirement not met.
display  D   display_settings.c:191  debug_display_settings           [   0.19950] color: 16 (rgba 5650), depth: 16, stencil: 0, acc: 0000, samples: 2/1
display  D   display_settings.c:377  _al_score_display_settings       [   0.19952] Single Buffer requirement not met.
display  D   display_settings.c:191  debug_display_settings           [   0.19954] color: 16 (rgba 5650), depth: 16, stencil: 0, acc: 0000, samples: 3/1
display  D   display_settings.c:377  _al_score_display_settings       [   0.19956] Single Buffer requirement not met.
d3d      D         d3d_disp.cpp:1640 d3d_create_display_internals     [   0.19960] Trying format 0.
d3d      I         d3d_disp.cpp:1325 d3d_display_thread_proc          [   0.20036] Chose a display format: 23
d3d      I         d3d_disp.cpp:1394 d3d_display_thread_proc          [   0.20041] Normal window.
d3d      I         d3d_disp.cpp:800  d3d_create_device                [   0.23584] Using no depth stencil buffer
d3d      D         d3d_disp.cpp:865  d3d_create_device                [   0.27551] BeginScene succeeded in create_device
d3d      D         d3d_disp.cpp:873  d3d_create_device                [   0.27555] Success
d3d      D         d3d_disp.cpp:1663 d3d_create_display_internals     [   0.27560] Resumed after wait.
d3d      I         d3d_disp.cpp:1696 d3d_create_display_internals     [   0.27576] Format 0 succeeded.
d3d      D         d3d_disp.cpp:1719 d3d_create_display_internals     [   0.27580] Returning d3d_display: 01C73920
d3d      D         d3d_disp.cpp:1744 d3d_create_display_locked        [   0.27582] al_display=01C73920
d3d      D         d3d_disp.cpp:1745 d3d_create_display_locked        [   0.27584] al_display->vt=01C73858
d3d      I         d3d_disp.cpp:920  d3d_destroy_display              [  10.33226] destroying display 01C73920 (current 00000000)
d3d      D         d3d_disp.cpp:904  d3d_destroy_display_internals    [  10.33231] waiting for display 01C73920's thread to end
d3d      W         d3d_disp.cpp:616  d3d_destroy_device               [  10.33983] d3d_destroy_device: ref count not 0
d3d      I         d3d_disp.cpp:1522 d3d_display_thread_proc          [  10.38839] d3d display thread exits
